d:\2q_mini\leave_me_alone\5_project\2024-08-05\2qproject\client\x64\debug\vc143.pdb
d:\2q_mini\leave_me_alone\5_project\2024-08-05\2qproject\client\x64\debug\vc143.idb
d:\2q_mini\leave_me_alone\5_project\2024-08-05\2qproject\client\x64\debug\pot.obj
d:\2q_mini\leave_me_alone\5_project\2024-08-05\2qproject\client\x64\debug\cameracontroller.obj
d:\2q_mini\leave_me_alone\5_project\2024-08-05\2qproject\client\x64\debug\introscene_01.obj
d:\2q_mini\leave_me_alone\5_project\2024-08-05\2qproject\client\x64\debug\loadingtext.obj
d:\2q_mini\leave_me_alone\5_project\2024-08-05\2qproject\client\x64\debug\oldbook.obj
d:\2q_mini\leave_me_alone\5_project\2024-08-05\2qproject\client\x64\debug\boxobject.obj
d:\2q_mini\leave_me_alone\5_project\2024-08-05\2qproject\client\x64\debug\bottle.obj
d:\2q_mini\leave_me_alone\5_project\2024-08-05\2qproject\client\x64\debug\floor_03.obj
d:\2q_mini\leave_me_alone\5_project\2024-08-05\2qproject\client\x64\debug\effectbase.obj
d:\2q_mini\leave_me_alone\5_project\2024-08-05\2qproject\client\x64\debug\disposableobject.obj
d:\2q_mini\leave_me_alone\5_project\2024-08-05\2qproject\client\x64\debug\broom.obj
d:\2q_mini\leave_me_alone\5_project\2024-08-05\2qproject\client\x64\debug\exitbutton.obj
d:\2q_mini\leave_me_alone\5_project\2024-08-05\2qproject\client\x64\debug\chandelier.obj
d:\2q_mini\leave_me_alone\5_project\2024-08-05\2qproject\client\x64\debug\pauseui.obj
d:\2q_mini\leave_me_alone\5_project\2024-08-05\2qproject\client\x64\debug\main.obj
d:\2q_mini\leave_me_alone\5_project\2024-08-05\2qproject\client\x64\debug\surprise_human.obj
d:\2q_mini\leave_me_alone\5_project\2024-08-05\2qproject\client\x64\debug\floor_02.obj
d:\2q_mini\leave_me_alone\5_project\2024-08-05\2qproject\client\x64\debug\textui.obj
d:\2q_mini\leave_me_alone\5_project\2024-08-05\2qproject\client\x64\debug\interactiveobject.obj
d:\2q_mini\leave_me_alone\5_project\2024-08-05\2qproject\client\x64\debug\ifsmobjectcore.obj
d:\2q_mini\leave_me_alone\5_project\2024-08-05\2qproject\client\x64\debug\titlelogo.obj
d:\2q_mini\leave_me_alone\5_project\2024-08-05\2qproject\client\x64\debug\walk_human.obj
d:\2q_mini\leave_me_alone\5_project\2024-08-05\2qproject\client\x64\debug\gamebackground.obj
d:\2q_mini\leave_me_alone\5_project\2024-08-05\2qproject\client\x64\debug\titleplayerui.obj
d:\2q_mini\leave_me_alone\5_project\2024-08-05\2qproject\client\x64\debug\teacup.obj
d:\2q_mini\leave_me_alone\5_project\2024-08-05\2qproject\client\x64\debug\creditbackground.obj
d:\2q_mini\leave_me_alone\5_project\2024-08-05\2qproject\client\x64\debug\gamemanager.obj
d:\2q_mini\leave_me_alone\5_project\2024-08-05\2qproject\client\x64\debug\nonfallingobject.obj
d:\2q_mini\leave_me_alone\5_project\2024-08-05\2qproject\client\x64\debug\pauseretryui.obj
d:\2q_mini\leave_me_alone\5_project\2024-08-05\2qproject\client\x64\debug\startbutton.obj
d:\2q_mini\leave_me_alone\5_project\2024-08-05\2qproject\client\x64\debug\interactiveobjectsheader.obj
d:\2q_mini\leave_me_alone\5_project\2024-08-05\2qproject\client\x64\debug\pauseuibase.obj
d:\2q_mini\leave_me_alone\5_project\2024-08-05\2qproject\client\x64\debug\buttonui.obj
d:\2q_mini\leave_me_alone\5_project\2024-08-05\2qproject\client\x64\debug\s_frame01.obj
d:\2q_mini\leave_me_alone\5_project\2024-08-05\2qproject\client\x64\debug\pauselogoui.obj
d:\2q_mini\leave_me_alone\5_project\2024-08-05\2qproject\client\x64\debug\circleobject.obj
d:\2q_mini\leave_me_alone\5_project\2024-08-05\2qproject\client\x64\debug\run_human.obj
d:\2q_mini\leave_me_alone\5_project\2024-08-05\2qproject\client\x64\debug\credittext.obj
d:\2q_mini\leave_me_alone\5_project\2024-08-05\2qproject\client\x64\debug\sfxvolumebarui.obj
d:\2q_mini\leave_me_alone\5_project\2024-08-05\2qproject\client\x64\debug\clock_big.obj
d:\2q_mini\leave_me_alone\5_project\2024-08-05\2qproject\client\x64\debug\ingamehumanlistui.obj
d:\2q_mini\leave_me_alone\5_project\2024-08-05\2qproject\client\x64\debug\uimanager.obj
d:\2q_mini\leave_me_alone\5_project\2024-08-05\2qproject\client\x64\debug\cat.obj
d:\2q_mini\leave_me_alone\5_project\2024-08-05\2qproject\client\x64\debug\ingamehumanbox.obj
d:\2q_mini\leave_me_alone\5_project\2024-08-05\2qproject\client\x64\debug\creditbutton.obj
d:\2q_mini\leave_me_alone\5_project\2024-08-05\2qproject\client\x64\debug\timer.obj
d:\2q_mini\leave_me_alone\5_project\2024-08-05\2qproject\client\x64\debug\doll.obj
d:\2q_mini\leave_me_alone\5_project\2024-08-05\2qproject\client\x64\debug\titlebackground.obj
d:\2q_mini\leave_me_alone\5_project\2024-08-05\2qproject\client\x64\debug\clearui.obj
d:\2q_mini\leave_me_alone\5_project\2024-08-05\2qproject\client\x64\debug\statue.obj
d:\2q_mini\leave_me_alone\5_project\2024-08-05\2qproject\client\x64\debug\loadresource.obj
d:\2q_mini\leave_me_alone\5_project\2024-08-05\2qproject\client\x64\debug\test.obj
d:\2q_mini\leave_me_alone\5_project\2024-08-05\2qproject\client\x64\debug\mannequin.obj
d:\2q_mini\leave_me_alone\5_project\2024-08-05\2qproject\client\x64\debug\ingameskillui.obj
d:\2q_mini\leave_me_alone\5_project\2024-08-05\2qproject\client\x64\debug\objectbase.obj
d:\2q_mini\leave_me_alone\5_project\2024-08-05\2qproject\client\x64\debug\application.obj
d:\2q_mini\leave_me_alone\5_project\2024-08-05\2qproject\client\x64\debug\chair.obj
d:\2q_mini\leave_me_alone\5_project\2024-08-05\2qproject\client\x64\debug\floor_01.obj
d:\2q_mini\leave_me_alone\5_project\2024-08-05\2qproject\client\x64\debug\candlelight.obj
d:\2q_mini\leave_me_alone\5_project\2024-08-05\2qproject\client\x64\debug\inputmanager.obj
d:\2q_mini\leave_me_alone\5_project\2024-08-05\2qproject\client\x64\debug\introbackground.obj
d:\2q_mini\leave_me_alone\5_project\2024-08-05\2qproject\client\x64\debug\loadingscene.obj
d:\2q_mini\leave_me_alone\5_project\2024-08-05\2qproject\client\x64\debug\human.obj
d:\2q_mini\leave_me_alone\5_project\2024-08-05\2qproject\client\x64\debug\stage_02.obj
d:\2q_mini\leave_me_alone\5_project\2024-08-05\2qproject\client\x64\debug\bed.obj
d:\2q_mini\leave_me_alone\5_project\2024-08-05\2qproject\client\x64\debug\ingamegaugeskillui.obj
d:\2q_mini\leave_me_alone\5_project\2024-08-05\2qproject\client\x64\debug\stagebase.obj
d:\2q_mini\leave_me_alone\5_project\2024-08-05\2qproject\client\x64\debug\s_lamp.obj
d:\2q_mini\leave_me_alone\5_project\2024-08-05\2qproject\client\x64\debug\ingameui.obj
d:\2q_mini\leave_me_alone\5_project\2024-08-05\2qproject\client\x64\debug\uibase.obj
d:\2q_mini\leave_me_alone\5_project\2024-08-05\2qproject\client\x64\debug\loadingui.obj
d:\2q_mini\leave_me_alone\5_project\2024-08-05\2qproject\client\x64\debug\fadesystem.obj
d:\2q_mini\leave_me_alone\5_project\2024-08-05\2qproject\client\x64\debug\title.obj
d:\2q_mini\leave_me_alone\5_project\2024-08-05\2qproject\client\x64\debug\fixedobject.obj
d:\2q_mini\leave_me_alone\5_project\2024-08-05\2qproject\client\x64\debug\floorbase.obj
d:\2q_mini\leave_me_alone\5_project\2024-08-05\2qproject\client\x64\debug\stage_03.obj
d:\2q_mini\leave_me_alone\5_project\2024-08-05\2qproject\client\x64\debug\m_window01.obj
d:\2q_mini\leave_me_alone\5_project\2024-08-05\2qproject\client\x64\debug\contents.obj
d:\2q_mini\leave_me_alone\5_project\2024-08-05\2qproject\client\x64\debug\testscript.obj
d:\2q_mini\leave_me_alone\5_project\2024-08-05\2qproject\client\x64\debug\humanfsmbase.obj
d:\2q_mini\leave_me_alone\5_project\2024-08-05\2qproject\client\x64\debug\bgmvolumebarui.obj
d:\2q_mini\leave_me_alone\5_project\2024-08-05\2qproject\client\x64\debug\loadsprite.obj
d:\2q_mini\leave_me_alone\5_project\2024-08-05\2qproject\client\x64\debug\fallingobject.obj
d:\2q_mini\leave_me_alone\5_project\2024-08-05\2qproject\client\x64\debug\tv.obj
d:\2q_mini\leave_me_alone\5_project\2024-08-05\2qproject\client\x64\debug\player.obj
d:\2q_mini\leave_me_alone\5_project\2024-08-05\2qproject\client\x64\debug\mirror_01.obj
d:\2q_mini\leave_me_alone\5_project\2024-08-05\2qproject\client\x64\debug\ingametimeui.obj
d:\2q_mini\leave_me_alone\5_project\2024-08-05\2qproject\client\x64\debug\credit.obj
d:\2q_mini\leave_me_alone\5_project\2024-08-05\2qproject\client\x64\debug\light.obj
d:\2q_mini\leave_me_alone\5_project\2024-08-05\2qproject\client\x64\debug\pauseexitui.obj
d:\2q_mini\leave_me_alone\5_project\2024-08-05\2qproject\client\x64\debug\introscenetext.obj
d:\2q_mini\leave_me_alone\5_project\2024-08-05\2qproject\client\x64\debug\idle_human.obj
d:\2q_mini\leave_me_alone\5_project\2024-08-05\2qproject\client\x64\debug\piano.obj
d:\2q_mini\leave_me_alone\5_project\2024-08-05\2qproject\client\x64\debug\loadanimation.obj
d:\2q_mini\leave_me_alone\5_project\2024-08-05\2qproject\client\x64\debug\stage_01.obj
d:\2q_mini\leave_me_alone\5_project\2024-08-05\2qproject\client\x64\debug\clearlogoui.obj
d:\2q_mini\leave_me_alone\5_project\2024-08-05\2qproject\client\x64\debug\movingobject.obj
d:\2q_mini\leave_me_alone\5_project\2024-08-05\2qproject\client\x64\debug\worldheaders.obj
d:\2q_mini\leave_me_alone\5_project\2024-08-05\2qproject\x64\debug\client.exe
d:\2q_mini\leave_me_alone\5_project\2024-08-05\2qproject\x64\debug\client.pdb
d:\2q_mini\leave_me_alone\5_project\2024-08-05\2qproject\client\x64\debug\client.ilk
d:\2q_mini\leave_me_alone\5_project\2024-08-05\2qproject\client\x64\debug\client.tlog\cl.command.1.tlog
d:\2q_mini\leave_me_alone\5_project\2024-08-05\2qproject\client\x64\debug\client.tlog\cl.items.tlog
d:\2q_mini\leave_me_alone\5_project\2024-08-05\2qproject\client\x64\debug\client.tlog\cl.read.1.tlog
d:\2q_mini\leave_me_alone\5_project\2024-08-05\2qproject\client\x64\debug\client.tlog\cl.write.1.tlog
d:\2q_mini\leave_me_alone\5_project\2024-08-05\2qproject\client\x64\debug\client.tlog\link.command.1.tlog
d:\2q_mini\leave_me_alone\5_project\2024-08-05\2qproject\client\x64\debug\client.tlog\link.read.1.tlog
d:\2q_mini\leave_me_alone\5_project\2024-08-05\2qproject\client\x64\debug\client.tlog\link.secondary.1.tlog
d:\2q_mini\leave_me_alone\5_project\2024-08-05\2qproject\client\x64\debug\client.tlog\link.write.1.tlog
