  pch.cpp
D:\2Q_mini\Leave_Me_Alone\5_Project\2024-08-05\2QProject\Engine\Helper\Math\Random.h(29,55): warning C4267: '인수': 'size_t'에서 '_Ty'(으)로 변환하면서 데이터가 손실될 수 있습니다.
D:\2Q_mini\Leave_Me_Alone\5_Project\2024-08-05\2QProject\Engine\Helper\Math\Random.h(29,55): warning C4267:         with
D:\2Q_mini\Leave_Me_Alone\5_Project\2024-08-05\2QProject\Engine\Helper\Math\Random.h(29,55): warning C4267:         [
D:\2Q_mini\Leave_Me_Alone\5_Project\2024-08-05\2QProject\Engine\Helper\Math\Random.h(29,55): warning C4267:             _Ty=int
D:\2Q_mini\Leave_Me_Alone\5_Project\2024-08-05\2QProject\Engine\Helper\Math\Random.h(29,55): warning C4267:         ]
D:\2Q_mini\Leave_Me_Alone\5_Project\2024-08-05\2QProject\Engine\Helper\Input\GamePad.h(52,16): warning C4240: 비표준 확장이 사용됨: 'GamePad::StickType'에 대한 액세스가 이제 'public'(으)로 정의됩니다. 이전에는 'private'(으)로 정의되었습니다.
D:\2Q_mini\Leave_Me_Alone\5_Project\2024-08-05\2QProject\Engine\Helper\Input\GamePad.h(58,16): warning C4240: 비표준 확장이 사용됨: 'GamePad::TriggerType'에 대한 액세스가 이제 'public'(으)로 정의됩니다. 이전에는 'private'(으)로 정의되었습니다.
D:\2Q_mini\Leave_Me_Alone\5_Project\2024-08-05\2QProject\Engine\Helper\Input\Input.h(36,54): warning C4267: 'return': 'size_t'에서 'int'(으)로 변환하면서 데이터가 손실될 수 있습니다.
  FMODPlayer.cpp
  ButtonManager.cpp
  CollisionManager.cpp
  Button.cpp
  Camera2D.cpp
  BoxCollider2D.cpp
  CircleCollider2D.cpp
  Collider.cpp
  Component.cpp
  FiniteStateMachine.cpp
  Animator2D.cpp
  CircleRenderer.cpp
  RectRenderer.cpp
  Renderer.cpp
  SpriteRenderer2D.cpp
  Script.cpp
  Transform2D.cpp
  LineRenderer.cpp
  GamePad.cpp
  Input.cpp
  Key.cpp
  Mouse.cpp
  Font.cpp
  ISoundSystem.cpp
  FMODSound.cpp
  FMODSystem.cpp
  FSMState.cpp
  GameApp.cpp
  GameManager.cpp
  Rect_F.cpp
  Vector2.cpp
  Debug.cpp
D:\2Q_mini\Leave_Me_Alone\5_Project\2024-08-05\2QProject\Engine\Helper\Input\Key.cpp(11,27): warning C4244: '인수': 'WPARAM'에서 '_Ty'(으)로 변환하면서 데이터가 손실될 수 있습니다.
D:\2Q_mini\Leave_Me_Alone\5_Project\2024-08-05\2QProject\Engine\Helper\Input\Key.cpp(11,27): warning C4244:         with
D:\2Q_mini\Leave_Me_Alone\5_Project\2024-08-05\2QProject\Engine\Helper\Input\Key.cpp(11,27): warning C4244:         [
D:\2Q_mini\Leave_Me_Alone\5_Project\2024-08-05\2QProject\Engine\Helper\Input\Key.cpp(11,27): warning C4244:             _Ty=short
D:\2Q_mini\Leave_Me_Alone\5_Project\2024-08-05\2QProject\Engine\Helper\Input\Key.cpp(11,27): warning C4244:         ]
D:\2Q_mini\Leave_Me_Alone\5_Project\2024-08-05\2QProject\Engine\Helper\Input\Key.cpp(19,24): warning C4244: '인수': 'WPARAM'에서 '_Ty'(으)로 변환하면서 데이터가 손실될 수 있습니다.
D:\2Q_mini\Leave_Me_Alone\5_Project\2024-08-05\2QProject\Engine\Helper\Input\Key.cpp(19,24): warning C4244:         with
D:\2Q_mini\Leave_Me_Alone\5_Project\2024-08-05\2QProject\Engine\Helper\Input\Key.cpp(19,24): warning C4244:         [
D:\2Q_mini\Leave_Me_Alone\5_Project\2024-08-05\2QProject\Engine\Helper\Input\Key.cpp(19,24): warning C4244:             _Ty=short
D:\2Q_mini\Leave_Me_Alone\5_Project\2024-08-05\2QProject\Engine\Helper\Input\Key.cpp(19,24): warning C4244:         ]
D:\2Q_mini\Leave_Me_Alone\5_Project\2024-08-05\2QProject\Engine\Component\Camera2D.cpp(18,33): warning C4838: 'LONG'에서 'FLOAT'(으)로의 변환에는 축소 변환이 필요합니다.
D:\2Q_mini\Leave_Me_Alone\5_Project\2024-08-05\2QProject\Engine\Component\Camera2D.cpp(18,33): warning C4244: '초기화 중': 'LONG'에서 'FLOAT'(으)로 변환하면서 데이터가 손실될 수 있습니다.
D:\2Q_mini\Leave_Me_Alone\5_Project\2024-08-05\2QProject\Engine\Component\Camera2D.cpp(18,54): warning C4838: 'LONG'에서 'FLOAT'(으)로의 변환에는 축소 변환이 필요합니다.
D:\2Q_mini\Leave_Me_Alone\5_Project\2024-08-05\2QProject\Engine\Component\Camera2D.cpp(18,54): warning C4244: '초기화 중': 'LONG'에서 'FLOAT'(으)로 변환하면서 데이터가 손실될 수 있습니다.
C:\Program Files\Microsoft Visual Studio\2022\Community\VC\Tools\MSVC\14.40.33807\include\xutility(4672,18): warning C4244: '=': 'const wchar_t'에서 'char'(으)로 변환하면서 데이터가 손실될 수 있습니다.
  MathH.cpp
  Random.cpp
  Time.cpp
  D2DRender.cpp
  Animation2D.cpp
  AudioClip.cpp
  ResourceManager.cpp
  Resource.cpp
D:\2Q_mini\Leave_Me_Alone\5_Project\2024-08-05\2QProject\Engine\SoundSystem\FMODSystem.h(17,1): warning C4715: 'FMODSystem::GetGroup': 모든 제어 경로에서 값을 반환하지는 않습니다.
  Sprite2D.cpp
D:\2Q_mini\Leave_Me_Alone\5_Project\2024-08-05\2QProject\Engine\Collision\Manager\CollisionManager.cpp(89,57): warning C4267: '+=': 'size_t'에서 'int'(으)로 변환하면서 데이터가 손실될 수 있습니다.
  TextRenderer.cpp
  WindowSystem.cpp
  Layer.cpp
  WorldManager.cpp
  Actor.cpp
  Object.cpp
  World.cpp
D:\2Q_mini\Leave_Me_Alone\5_Project\2024-08-05\2QProject\Engine\Component\Rednerer\Animator2D.cpp(186,47): warning C4267: 'return': 'size_t'에서 'int'(으)로 변환하면서 데이터가 손실될 수 있습니다.
D:\2Q_mini\Leave_Me_Alone\5_Project\2024-08-05\2QProject\Engine\Window\WindowSystem.cpp(37,37): warning C4838: 'float'에서 'LONG'(으)로의 변환에는 축소 변환이 필요합니다.
D:\2Q_mini\Leave_Me_Alone\5_Project\2024-08-05\2QProject\Engine\Window\WindowSystem.cpp(37,37): warning C4244: '초기화 중': 'float'에서 'LONG'(으)로 변환하면서 데이터가 손실될 수 있습니다.
D:\2Q_mini\Leave_Me_Alone\5_Project\2024-08-05\2QProject\Engine\Window\WindowSystem.cpp(37,53): warning C4838: 'float'에서 'LONG'(으)로의 변환에는 축소 변환이 필요합니다.
D:\2Q_mini\Leave_Me_Alone\5_Project\2024-08-05\2QProject\Engine\Window\WindowSystem.cpp(37,53): warning C4244: '초기화 중': 'float'에서 'LONG'(으)로 변환하면서 데이터가 손실될 수 있습니다.
D:\2Q_mini\Leave_Me_Alone\5_Project\2024-08-05\2QProject\Engine\Window\WindowSystem.cpp(83,39): warning C4244: '인수': 'float'에서 'int'(으)로 변환하면서 데이터가 손실될 수 있습니다.
D:\2Q_mini\Leave_Me_Alone\5_Project\2024-08-05\2QProject\Engine\Window\WindowSystem.cpp(82,37): warning C4244: '인수': 'float'에서 'int'(으)로 변환하면서 데이터가 손실될 수 있습니다.
D:\2Q_mini\Leave_Me_Alone\5_Project\2024-08-05\2QProject\Engine\Window\WindowSystem.cpp(106,27): warning C4244: '인수': 'WPARAM'에서 'int'(으)로 변환하면서 데이터가 손실될 수 있습니다.
D:\2Q_mini\Leave_Me_Alone\5_Project\2024-08-05\2QProject\Engine\Window\WindowSystem.cpp(110,25): warning C4244: '인수': 'WPARAM'에서 'int'(으)로 변환하면서 데이터가 손실될 수 있습니다.
D:\2Q_mini\Leave_Me_Alone\5_Project\2024-08-05\2QProject\Engine\Collision\Manager\CollisionManager.cpp(205,1): warning C4715: 'CollisionManager::CheckCollision': 모든 제어 경로에서 값을 반환하지는 않습니다.
D:\2Q_mini\Leave_Me_Alone\5_Project\2024-08-05\2QProject\Engine\Component\Rednerer\TextRenderer.cpp(122,45): warning C4267: '=': 'size_t'에서 'UINT32'(으)로 변환하면서 데이터가 손실될 수 있습니다.
D:\2Q_mini\Leave_Me_Alone\5_Project\2024-08-05\2QProject\Engine\Component\Rednerer\TextRenderer.cpp(134,45): warning C4267: '=': 'size_t'에서 'UINT32'(으)로 변환하면서 데이터가 손실될 수 있습니다.
D:\2Q_mini\Leave_Me_Alone\5_Project\2024-08-05\2QProject\Engine\Component\Rednerer\TextRenderer.cpp(214,13): warning C4267: '초기화 중': 'size_t'에서 'UINT32'(으)로 변환하면서 데이터가 손실될 수 있습니다.
D:\2Q_mini\Leave_Me_Alone\5_Project\2024-08-05\2QProject\Engine\World\Manager\WorldManager.cpp(79,1): warning C4715: 'WorldManager::ChangeWorld': 모든 제어 경로에서 값을 반환하지는 않습니다.
  Engine.vcxproj -> D:\2Q_mini\Leave_Me_Alone\5_Project\2024-08-05\2QProject\x64\Debug\Engine.lib
