d:\2q_mini\leave_me_alone\5_project\2024-08-05\2qproject\engine\x64\debug\engine.pch
d:\2q_mini\leave_me_alone\5_project\2024-08-05\2qproject\x64\debug\engine.pdb
d:\2q_mini\leave_me_alone\5_project\2024-08-05\2qproject\x64\debug\engine.idb
d:\2q_mini\leave_me_alone\5_project\2024-08-05\2qproject\engine\x64\debug\pch.obj
d:\2q_mini\leave_me_alone\5_project\2024-08-05\2qproject\engine\x64\debug\animator2d.obj
d:\2q_mini\leave_me_alone\5_project\2024-08-05\2qproject\engine\x64\debug\isoundsystem.obj
d:\2q_mini\leave_me_alone\5_project\2024-08-05\2qproject\engine\x64\debug\time.obj
d:\2q_mini\leave_me_alone\5_project\2024-08-05\2qproject\engine\x64\debug\gamepad.obj
d:\2q_mini\leave_me_alone\5_project\2024-08-05\2qproject\engine\x64\debug\textrenderer.obj
d:\2q_mini\leave_me_alone\5_project\2024-08-05\2qproject\engine\x64\debug\renderer.obj
d:\2q_mini\leave_me_alone\5_project\2024-08-05\2qproject\engine\x64\debug\circlerenderer.obj
d:\2q_mini\leave_me_alone\5_project\2024-08-05\2qproject\engine\x64\debug\camera2d.obj
d:\2q_mini\leave_me_alone\5_project\2024-08-05\2qproject\engine\x64\debug\finitestatemachine.obj
d:\2q_mini\leave_me_alone\5_project\2024-08-05\2qproject\engine\x64\debug\layer.obj
d:\2q_mini\leave_me_alone\5_project\2024-08-05\2qproject\engine\x64\debug\circlecollider2d.obj
d:\2q_mini\leave_me_alone\5_project\2024-08-05\2qproject\engine\x64\debug\resourcemanager.obj
d:\2q_mini\leave_me_alone\5_project\2024-08-05\2qproject\engine\x64\debug\fsmstate.obj
d:\2q_mini\leave_me_alone\5_project\2024-08-05\2qproject\engine\x64\debug\sprite2d.obj
d:\2q_mini\leave_me_alone\5_project\2024-08-05\2qproject\engine\x64\debug\rectrenderer.obj
d:\2q_mini\leave_me_alone\5_project\2024-08-05\2qproject\engine\x64\debug\debug.obj
d:\2q_mini\leave_me_alone\5_project\2024-08-05\2qproject\engine\x64\debug\actor.obj
d:\2q_mini\leave_me_alone\5_project\2024-08-05\2qproject\engine\x64\debug\vector2.obj
d:\2q_mini\leave_me_alone\5_project\2024-08-05\2qproject\engine\x64\debug\d2drender.obj
d:\2q_mini\leave_me_alone\5_project\2024-08-05\2qproject\engine\x64\debug\gamemanager.obj
d:\2q_mini\leave_me_alone\5_project\2024-08-05\2qproject\engine\x64\debug\world.obj
d:\2q_mini\leave_me_alone\5_project\2024-08-05\2qproject\engine\x64\debug\fmodplayer.obj
d:\2q_mini\leave_me_alone\5_project\2024-08-05\2qproject\engine\x64\debug\collider.obj
d:\2q_mini\leave_me_alone\5_project\2024-08-05\2qproject\engine\x64\debug\component.obj
d:\2q_mini\leave_me_alone\5_project\2024-08-05\2qproject\engine\x64\debug\mathh.obj
d:\2q_mini\leave_me_alone\5_project\2024-08-05\2qproject\engine\x64\debug\audioclip.obj
d:\2q_mini\leave_me_alone\5_project\2024-08-05\2qproject\engine\x64\debug\font.obj
d:\2q_mini\leave_me_alone\5_project\2024-08-05\2qproject\engine\x64\debug\buttonmanager.obj
d:\2q_mini\leave_me_alone\5_project\2024-08-05\2qproject\engine\x64\debug\object.obj
d:\2q_mini\leave_me_alone\5_project\2024-08-05\2qproject\engine\x64\debug\rect_f.obj
d:\2q_mini\leave_me_alone\5_project\2024-08-05\2qproject\engine\x64\debug\animation2d.obj
d:\2q_mini\leave_me_alone\5_project\2024-08-05\2qproject\engine\x64\debug\linerenderer.obj
d:\2q_mini\leave_me_alone\5_project\2024-08-05\2qproject\engine\x64\debug\mouse.obj
d:\2q_mini\leave_me_alone\5_project\2024-08-05\2qproject\engine\x64\debug\random.obj
d:\2q_mini\leave_me_alone\5_project\2024-08-05\2qproject\engine\x64\debug\boxcollider2d.obj
d:\2q_mini\leave_me_alone\5_project\2024-08-05\2qproject\engine\x64\debug\fmodsystem.obj
d:\2q_mini\leave_me_alone\5_project\2024-08-05\2qproject\engine\x64\debug\collisionmanager.obj
d:\2q_mini\leave_me_alone\5_project\2024-08-05\2qproject\engine\x64\debug\transform2d.obj
d:\2q_mini\leave_me_alone\5_project\2024-08-05\2qproject\engine\x64\debug\worldmanager.obj
d:\2q_mini\leave_me_alone\5_project\2024-08-05\2qproject\engine\x64\debug\gameapp.obj
d:\2q_mini\leave_me_alone\5_project\2024-08-05\2qproject\engine\x64\debug\spriterenderer2d.obj
d:\2q_mini\leave_me_alone\5_project\2024-08-05\2qproject\engine\x64\debug\key.obj
d:\2q_mini\leave_me_alone\5_project\2024-08-05\2qproject\engine\x64\debug\windowsystem.obj
d:\2q_mini\leave_me_alone\5_project\2024-08-05\2qproject\engine\x64\debug\fmodsound.obj
d:\2q_mini\leave_me_alone\5_project\2024-08-05\2qproject\engine\x64\debug\input.obj
d:\2q_mini\leave_me_alone\5_project\2024-08-05\2qproject\engine\x64\debug\resource.obj
d:\2q_mini\leave_me_alone\5_project\2024-08-05\2qproject\engine\x64\debug\button.obj
d:\2q_mini\leave_me_alone\5_project\2024-08-05\2qproject\engine\x64\debug\script.obj
d:\2q_mini\leave_me_alone\5_project\2024-08-05\2qproject\x64\debug\engine.lib
d:\2q_mini\leave_me_alone\5_project\2024-08-05\2qproject\engine\x64\debug\engine.tlog\cl.command.1.tlog
d:\2q_mini\leave_me_alone\5_project\2024-08-05\2qproject\engine\x64\debug\engine.tlog\cl.items.tlog
d:\2q_mini\leave_me_alone\5_project\2024-08-05\2qproject\engine\x64\debug\engine.tlog\cl.read.1.tlog
d:\2q_mini\leave_me_alone\5_project\2024-08-05\2qproject\engine\x64\debug\engine.tlog\cl.write.1.tlog
d:\2q_mini\leave_me_alone\5_project\2024-08-05\2qproject\engine\x64\debug\engine.tlog\lib-link.read.1.tlog
d:\2q_mini\leave_me_alone\5_project\2024-08-05\2qproject\engine\x64\debug\engine.tlog\lib-link.write.1.tlog
d:\2q_mini\leave_me_alone\5_project\2024-08-05\2qproject\engine\x64\debug\engine.tlog\lib.command.1.tlog
